2025-02-11 17:18:58,992 - paramiko.transport - DEBUG - starting thread (client mode): 0x2e34ffd0
2025-02-11 17:18:58,992 - paramiko.transport - DEBUG - Local version/idstring: SSH-2.0-paramiko_3.5.1
2025-02-11 17:18:59,003 - paramiko.transport - DEBUG - Remote version/idstring: SSH-2.0-OpenSSH_8.9p1 Ubuntu-3ubuntu0.10
2025-02-11 17:18:59,003 - paramiko.transport - INFO - Connected (version 2.0, client OpenSSH_8.9p1)
2025-02-11 17:18:59,005 - paramiko.transport - DEBUG - === Key exchange possibilities ===
2025-02-11 17:18:59,005 - paramiko.transport - DEBUG - kex algos: curve25519-sha256, curve25519-sha256@libssh.org, ecdh-sha2-nistp256, ecdh-sha2-nistp384, ecdh-sha2-nistp521, sntrup761x25519-sha512@openssh.com, diffie-hellman-group-exchange-sha256, diffie-hellman-group16-sha512, diffie-hellman-group18-sha512, diffie-hellman-group14-sha256, kex-strict-s-v00@openssh.com
2025-02-11 17:18:59,005 - paramiko.transport - DEBUG - server key: rsa-sha2-512, rsa-sha2-256, ecdsa-sha2-nistp256, ssh-ed25519
2025-02-11 17:18:59,005 - paramiko.transport - DEBUG - client encrypt: chacha20-poly1305@openssh.com, aes128-ctr, aes192-ctr, aes256-ctr, aes128-gcm@openssh.com, aes256-gcm@openssh.com
2025-02-11 17:18:59,005 - paramiko.transport - DEBUG - server encrypt: chacha20-poly1305@openssh.com, aes128-ctr, aes192-ctr, aes256-ctr, aes128-gcm@openssh.com, aes256-gcm@openssh.com
2025-02-11 17:18:59,005 - paramiko.transport - DEBUG - client mac: umac-64-etm@openssh.com, umac-128-etm@openssh.com, hmac-sha2-256-etm@openssh.com, hmac-sha2-512-etm@openssh.com, hmac-sha1-etm@openssh.com, umac-64@openssh.com, umac-128@openssh.com, hmac-sha2-256, hmac-sha2-512, hmac-sha1
2025-02-11 17:18:59,005 - paramiko.transport - DEBUG - server mac: umac-64-etm@openssh.com, umac-128-etm@openssh.com, hmac-sha2-256-etm@openssh.com, hmac-sha2-512-etm@openssh.com, hmac-sha1-etm@openssh.com, umac-64@openssh.com, umac-128@openssh.com, hmac-sha2-256, hmac-sha2-512, hmac-sha1
2025-02-11 17:18:59,005 - paramiko.transport - DEBUG - client compress: none, zlib@openssh.com
2025-02-11 17:18:59,005 - paramiko.transport - DEBUG - server compress: none, zlib@openssh.com
2025-02-11 17:18:59,006 - paramiko.transport - DEBUG - client lang: <none>
2025-02-11 17:18:59,006 - paramiko.transport - DEBUG - server lang: <none>
2025-02-11 17:18:59,006 - paramiko.transport - DEBUG - kex follows: False
2025-02-11 17:18:59,006 - paramiko.transport - DEBUG - === Key exchange agreements ===
2025-02-11 17:18:59,006 - paramiko.transport - DEBUG - Strict kex mode: True
2025-02-11 17:18:59,006 - paramiko.transport - DEBUG - Kex: curve25519-sha256@libssh.org
2025-02-11 17:18:59,006 - paramiko.transport - DEBUG - HostKey: ssh-ed25519
2025-02-11 17:18:59,006 - paramiko.transport - DEBUG - Cipher: aes128-ctr
2025-02-11 17:18:59,006 - paramiko.transport - DEBUG - MAC: hmac-sha2-256
2025-02-11 17:18:59,006 - paramiko.transport - DEBUG - Compression: none
2025-02-11 17:18:59,006 - paramiko.transport - DEBUG - === End of kex handshake ===
2025-02-11 17:18:59,012 - paramiko.transport - DEBUG - Resetting outbound seqno after NEWKEYS due to strict mode
2025-02-11 17:18:59,013 - paramiko.transport - DEBUG - kex engine KexCurve25519 specified hash_algo <built-in function openssl_sha256>
2025-02-11 17:18:59,013 - paramiko.transport - DEBUG - Switch to new keys ...
2025-02-11 17:18:59,013 - paramiko.transport - DEBUG - Resetting inbound seqno after NEWKEYS due to strict mode
2025-02-11 17:18:59,013 - paramiko.transport - DEBUG - Got EXT_INFO: {'server-sig-algs': b'ssh-ed25519,sk-ssh-ed25519@openssh.com,ssh-rsa,rsa-sha2-256,rsa-sha2-512,ssh-dss,ecdsa-sha2-nistp256,ecdsa-sha2-nistp384,ecdsa-sha2-nistp521,sk-ecdsa-sha2-nistp256@openssh.com,webauthn-sk-ecdsa-sha2-nistp256@openssh.com', 'publickey-hostbound@openssh.com': b'0'}
2025-02-11 17:18:59,013 - paramiko.transport - DEBUG - Adding ssh-ed25519 host key for [10.8.10.8]:8000: b'39d83ad058299e04b7e66a8b1c782814'
2025-02-11 17:18:59,153 - paramiko.transport - DEBUG - Trying discovered key b'dc1699c8ae748ae9756b5da0a9c7f70d' in C:\Users\Administrator/.ssh/id_rsa
2025-02-11 17:18:59,155 - paramiko.transport - DEBUG - userauth is OK
2025-02-11 17:18:59,155 - paramiko.transport - DEBUG - Finalizing pubkey algorithm for key of type 'ssh-rsa'
2025-02-11 17:18:59,155 - paramiko.transport - DEBUG - Our pubkey algorithm list: ['rsa-sha2-512', 'rsa-sha2-256', 'ssh-rsa']
2025-02-11 17:18:59,155 - paramiko.transport - DEBUG - Server-side algorithm list: ['ssh-ed25519', 'sk-ssh-ed25519@openssh.com', 'ssh-rsa', 'rsa-sha2-256', 'rsa-sha2-512', 'ssh-dss', 'ecdsa-sha2-nistp256', 'ecdsa-sha2-nistp384', 'ecdsa-sha2-nistp521', 'sk-ecdsa-sha2-nistp256@openssh.com', 'webauthn-sk-ecdsa-sha2-nistp256@openssh.com']
2025-02-11 17:18:59,155 - paramiko.transport - DEBUG - Agreed upon 'rsa-sha2-512' pubkey algorithm
2025-02-11 17:18:59,169 - paramiko.transport - INFO - Authentication (publickey) successful!
2025-02-11 17:18:59,169 - paramiko.transport - DEBUG - [chan 0] Max packet in: 32768 bytes
2025-02-11 17:18:59,243 - paramiko.transport - DEBUG - Received global request "hostkeys-00@openssh.com"
2025-02-11 17:18:59,244 - paramiko.transport - DEBUG - Rejecting "hostkeys-00@openssh.com" global request from server.
2025-02-11 17:18:59,244 - paramiko.transport - DEBUG - Debug msg: b'/home/cjl/.ssh/authorized_keys:1: key options: agent-forwarding port-forwarding pty user-rc x11-forwarding'
2025-02-11 17:18:59,299 - paramiko.transport - DEBUG - [chan 0] Max packet out: 32768 bytes
2025-02-11 17:18:59,299 - paramiko.transport - DEBUG - Secsh channel 0 opened.
2025-02-11 17:18:59,302 - paramiko.transport - DEBUG - [chan 0] Sesch channel 0 request ok
2025-02-11 17:18:59,304 - paramiko.transport - DEBUG - [chan 0] Sesch channel 0 request ok
2025-02-11 17:19:31,507 - paramiko.transport - DEBUG - EOF in transport thread
